00:00:00.711818 VirtualBox GUI VM Selector Window 7.0.10 r158379 linux.amd64 (Jul 12 2023 20:14:05) release log
00:00:00.711820 Log opened 2023-09-13T15:07:27.652832000Z
00:00:00.711821 Build Type: release
00:00:00.711826 OS Product: Linux
00:00:00.711829 OS Release: 6.4.15-200.fc38.x86_64
00:00:00.711831 OS Version: #1 SMP PREEMPT_DYNAMIC Thu Sep  7 00:25:01 UTC 2023
00:00:00.711861 DMI Product Name: Aspire E5-574G
00:00:00.711873 DMI Product Version: V1.18
00:00:00.711884 Firmware type: BIOS
00:00:00.711941 Host RAM: 15846MB (15.4GB) total, 14424MB (14.0GB) available
00:00:00.711946 Executable: /usr/lib/virtualbox/VirtualBox
00:00:00.711947 Process ID: 4820
00:00:00.711947 Package type: LINUX_64BITS_FEDORA_36
00:00:00.711976 Qt version: 5.15.10
00:00:00.712912 GUI: UIMediumEnumerator: Initial medium-enumeration finished!
00:00:00.802986 GUI: UIMediumEnumerator: Medium-enumeration started...
00:00:01.678623 GUI: UIDesktopWidgetWatchdog::sltHandleHostScreenAvailableGeometryCalculated: Screen 0 work area is actually resized to: 0x32 x 1366x736
00:00:01.717471 GUI: UIMediumEnumerator: Medium-enumeration finished!
00:00:05.026371 ERROR [COM]: aRC=NS_ERROR_UNEXPECTED (0x8000ffff) aIID={c0447716-ff5a-4795-b57a-ecd5fffa18a4} aComponent={SessionWrap} aText={The session is not locked (session state: Unlocked)}, preserve=false aResultDetail=0
00:06:46.607299 GUI: UICommon: Handling aboutToQuit request..
00:06:47.419867 GUI: UICommon: aboutToQuit request handled!
