00:00:00.003113 main     VirtualBox XPCOM Server 7.0.10 r158379 linux.amd64 (Jul 12 2023 20:14:05) release log
00:00:00.003117 main     Log opened 2023-09-13T15:07:27.411592000Z
00:00:00.003118 main     Build Type: release
00:00:00.003129 main     OS Product: Linux
00:00:00.003131 main     OS Release: 6.4.15-200.fc38.x86_64
00:00:00.003133 main     OS Version: #1 SMP PREEMPT_DYNAMIC Thu Sep  7 00:25:01 UTC 2023
00:00:00.003163 main     DMI Product Name: Aspire E5-574G
00:00:00.003175 main     DMI Product Version: V1.18
00:00:00.003186 main     Firmware type: BIOS
00:00:00.003240 main     Host RAM: 15846MB (15.4GB) total, 14427MB (14.0GB) available
00:00:00.003245 main     Executable: /usr/lib/virtualbox/VBoxSVC
00:00:00.003246 main     Process ID: 4854
00:00:00.003246 main     Package type: LINUX_64BITS_FEDORA_36
00:00:00.004698 main     IPC socket path: /tmp/.vbox-sparky-ipc/ipcd
00:00:00.109663 nspr-2   VirtualBox: object creation starts
00:00:00.109889 nspr-2   Home directory: '/home/sparky/.config/VirtualBox'
00:00:00.111183 nspr-2   Loading settings file "/home/sparky/.config/VirtualBox/VirtualBox.xml" with version "1.12-linux"
00:00:00.115521 nspr-2   USB: Unknown USB device detected (idVendor: 0x0489, idProduct: 0xe09c)
00:00:00.115801 nspr-2   Successfully initialised host USB using sysfs
00:00:00.154483 nspr-2   NetIfAdpCtlOut: VBoxNetAdpCtl: Error while retrieving link speed for wlp3s0: VBoxNetAdpCtl: ioctl failed: Operation not supported
00:00:00.156034 nspr-2   HostDnsMonitor: initializing
00:00:00.156509 nspr-2   NAT: resolv.conf: nameserver 127.0.0.53
00:00:00.156527 nspr-2   NAT: resolv.conf: ignoring "options edns0 trust-ad"
00:00:00.156548 nspr-2   HostDnsMonitor: updating information
00:00:00.156570 nspr-2   HostDnsMonitor: old information
00:00:00.156577 nspr-2     no server entries
00:00:00.156583 nspr-2     no domain set
00:00:00.156590 nspr-2     no search string entries
00:00:00.156596 nspr-2   HostDnsMonitor: new information
00:00:00.156603 nspr-2     server 1: 127.0.0.53
00:00:00.156610 nspr-2     domain: .
00:00:00.156616 nspr-2     search string 1: .
00:00:00.160230 nspr-2   Failed to open "/dev/vboxdrvu", errno=2, rc=VERR_VM_DRIVER_NOT_INSTALLED
00:00:00.160612 nspr-2   VD: VDInit finished with VINF_SUCCESS
00:00:00.162758 nspr-2   ERROR [COM]: aRC=NS_ERROR_FAILURE (0x80004005) aIID={300763af-5d6b-46e6-aa96-273eac15538a} aComponent={MachineWrap} aText={Runtime error opening '/home/sparky/VBoxVMs/gentoo/gentoo.vbox' for reading VERR_FILE_NOT_FOUND (File not found.).
00:00:00.162767 nspr-2   /home/vbox/tinderbox/build-VBox-7.0/svn/src/VBox/Main/src-server/MachineImpl.cpp[1011] (nsresult Machine::i_registeredInit())}, preserve=false aResultDetail=0
00:00:00.163063 nspr-2   ERROR [COM]: aRC=NS_ERROR_FAILURE (0x80004005) aIID={300763af-5d6b-46e6-aa96-273eac15538a} aComponent={MachineWrap} aText={Runtime error opening '/home/sparky/VBoxVMs/malware-tyest/malware-tyest.vbox' for reading VERR_FILE_NOT_FOUND (File not found.).
00:00:00.163069 nspr-2   /home/vbox/tinderbox/build-VBox-7.0/svn/src/VBox/Main/src-server/MachineImpl.cpp[1011] (nsresult Machine::i_registeredInit())}, preserve=false aResultDetail=0
00:00:00.163602 nspr-2   Loading settings file "/home/sparky/VBoxVMs/pardus/pardus.vbox" with version "1.19-linux"
00:00:00.164866 nspr-2   Loading settings file "/home/sparky/VBoxVMs/nt/nt.vbox" with version "1.19-linux"
00:00:00.165792 nspr-2   VirtualBox: object created
00:00:00.250614 nspr-4   Saving settings file "/home/sparky/.config/VirtualBox/VirtualBox.xml" with version "1.12-linux"
00:00:00.266605 nspr-4   Finished saving settings file "/home/sparky/.config/VirtualBox/VirtualBox.xml"
00:00:00.267598 nspr-4   Saving settings file "/home/sparky/.config/VirtualBox/VirtualBox.xml" with version "1.12-linux"
00:00:00.274702 nspr-4   Finished saving settings file "/home/sparky/.config/VirtualBox/VirtualBox.xml"
00:00:00.275949 nspr-4   Saving settings file "/home/sparky/.config/VirtualBox/VirtualBox.xml" with version "1.12-linux"
00:00:00.283266 nspr-4   Finished saving settings file "/home/sparky/.config/VirtualBox/VirtualBox.xml"
00:00:01.040322 nspr-4   ERROR [COM]: aRC=NS_ERROR_FAILURE (0x80004005) aIID={300763af-5d6b-46e6-aa96-273eac15538a} aComponent={MachineWrap} aText={Runtime error opening '/home/sparky/VBoxVMs/gentoo/gentoo.vbox' for reading VERR_FILE_NOT_FOUND (File not found.).
00:00:01.040330 nspr-4   /home/vbox/tinderbox/build-VBox-7.0/svn/src/VBox/Main/src-server/MachineImpl.cpp[1011] (nsresult Machine::i_registeredInit())}, preserve=false aResultDetail=0
00:00:01.040995 nspr-4   ERROR [COM]: aRC=NS_ERROR_FAILURE (0x80004005) aIID={300763af-5d6b-46e6-aa96-273eac15538a} aComponent={MachineWrap} aText={Runtime error opening '/home/sparky/VBoxVMs/gentoo/gentoo.vbox' for reading VERR_FILE_NOT_FOUND (File not found.).
00:00:01.041001 nspr-4   /home/vbox/tinderbox/build-VBox-7.0/svn/src/VBox/Main/src-server/MachineImpl.cpp[1011] (nsresult Machine::i_registeredInit())}, preserve=false aResultDetail=0
00:00:01.041973 nspr-5   ERROR [COM]: aRC=NS_ERROR_FAILURE (0x80004005) aIID={300763af-5d6b-46e6-aa96-273eac15538a} aComponent={MachineWrap} aText={Runtime error opening '/home/sparky/VBoxVMs/gentoo/gentoo.vbox' for reading VERR_FILE_NOT_FOUND (File not found.).
00:00:01.041978 nspr-5   /home/vbox/tinderbox/build-VBox-7.0/svn/src/VBox/Main/src-server/MachineImpl.cpp[1011] (nsresult Machine::i_registeredInit())}, preserve=false aResultDetail=0
00:00:01.046898 nspr-6   ERROR [COM]: aRC=NS_ERROR_FAILURE (0x80004005) aIID={300763af-5d6b-46e6-aa96-273eac15538a} aComponent={MachineWrap} aText={Runtime error opening '/home/sparky/VBoxVMs/malware-tyest/malware-tyest.vbox' for reading VERR_FILE_NOT_FOUND (File not found.).
00:00:01.046905 nspr-6   /home/vbox/tinderbox/build-VBox-7.0/svn/src/VBox/Main/src-server/MachineImpl.cpp[1011] (nsresult Machine::i_registeredInit())}, preserve=false aResultDetail=0
00:00:01.047572 nspr-6   ERROR [COM]: aRC=NS_ERROR_FAILURE (0x80004005) aIID={300763af-5d6b-46e6-aa96-273eac15538a} aComponent={MachineWrap} aText={Runtime error opening '/home/sparky/VBoxVMs/malware-tyest/malware-tyest.vbox' for reading VERR_FILE_NOT_FOUND (File not found.).
00:00:01.047578 nspr-6   /home/vbox/tinderbox/build-VBox-7.0/svn/src/VBox/Main/src-server/MachineImpl.cpp[1011] (nsresult Machine::i_registeredInit())}, preserve=false aResultDetail=0
00:00:01.048575 nspr-4   ERROR [COM]: aRC=NS_ERROR_FAILURE (0x80004005) aIID={300763af-5d6b-46e6-aa96-273eac15538a} aComponent={MachineWrap} aText={Runtime error opening '/home/sparky/VBoxVMs/malware-tyest/malware-tyest.vbox' for reading VERR_FILE_NOT_FOUND (File not found.).
00:00:01.048581 nspr-4   /home/vbox/tinderbox/build-VBox-7.0/svn/src/VBox/Main/src-server/MachineImpl.cpp[1011] (nsresult Machine::i_registeredInit())}, preserve=false aResultDetail=0
00:00:01.330291 nspr-6   ERROR [COM]: aRC=VBOX_E_INVALID_VM_STATE (0x80bb0002) aIID={300763af-5d6b-46e6-aa96-273eac15538a} aComponent={MachineWrap} aText={The machine is not mutable (state is PoweredOff)}, preserve=false aResultDetail=0
00:00:01.333007 nspr-3   Failed to open "/dev/vboxdrvu", errno=2, rc=VERR_VM_DRIVER_NOT_INSTALLED
00:00:04.008669 nspr-3   Launched VM: 335550608 pid: 4897 (0x1321) frontend: GUI/Qt name: nt
00:00:04.049795 nspr-3   ERROR [COM]: aRC=VBOX_E_INVALID_VM_STATE (0x80bb0002) aIID={300763af-5d6b-46e6-aa96-273eac15538a} aComponent={MachineWrap} aText={The machine is not mutable (state is PoweredOff)}, preserve=false aResultDetail=0
00:00:04.052579 nspr-3   Failed to open "/dev/vboxdrvu", errno=2, rc=VERR_VM_DRIVER_NOT_INSTALLED
00:00:04.509652 Watcher  ERROR [COM]: aRC=NS_ERROR_FAILURE (0x80004005) aIID={300763af-5d6b-46e6-aa96-273eac15538a} aComponent={MachineWrap} aText={The virtual machine 'nt' has terminated unexpectedly during startup with exit code 1 (0x1)}, preserve=false aResultDetail=0
00:00:04.661510 nspr-4   ERROR [COM]: aRC=VBOX_E_INVALID_VM_STATE (0x80bb0002) aIID={300763af-5d6b-46e6-aa96-273eac15538a} aComponent={MachineWrap} aText={The machine is not mutable (state is PoweredOff)}, preserve=false aResultDetail=0
00:00:04.664814 nspr-6   Failed to open "/dev/vboxdrvu", errno=2, rc=VERR_VM_DRIVER_NOT_INSTALLED
00:01:55.549011 USBPROXY USBProxyBackendLinux: Device 045e:0084 (sysfs:/sys/devices/pci0000:00/0000:00:14.0/usb1/1-1//device:/dev/vboxusb/001/015) isn't accessible. giving udev a few seconds to fix this...
00:06:51.926546 main     VirtualBox: object deletion starts
00:06:51.926710 main     ERROR [COM]: aRC=VBOX_E_OBJECT_IN_USE (0x80bb000c) aIID={ad47ad09-787b-44ab-b343-a082a3f2dfb1} aComponent={MediumWrap} aText={Medium '/home/sparky/VBoxVMs/pardus/pardus.vdi' cannot be closed because it is still attached to 1 virtual machines}, preserve=false aResultDetail=0
00:06:51.927045 main     ERROR [COM]: aRC=VBOX_E_OBJECT_IN_USE (0x80bb000c) aIID={ad47ad09-787b-44ab-b343-a082a3f2dfb1} aComponent={MediumWrap} aText={Medium '/home/sparky/VBoxVMs/nt/nt.vdi' cannot be closed because it is still attached to 1 virtual machines}, preserve=false aResultDetail=0
00:06:51.928176 main     HostDnsMonitor: shutting down ...
00:06:51.928604 main     HostDnsMonitor: shut down
00:06:51.941956 Watcher  ERROR [COM]: aRC=E_ACCESSDENIED (0x80070005) aIID={7682d5eb-f00e-44f1-8ca2-99d08b1cd607} aComponent={VirtualBoxWrap} aText={The object is not ready}, preserve=false aResultDetail=0
00:06:51.942324 main     VirtualBox: object deleted
